<?xml version="1.0" encoding="UTF-8"?>
<testsuite xmlns:xsi="http://www.w3.org/2001/XMLSchema-instance" xsi:noNamespaceSchemaLocation="https://maven.apache.org/surefire/maven-surefire-plugin/xsd/surefire-test-report-3.0.xsd" version="3.0" name="com.hotel.HotelBackendApplicationTests" time="8.375" tests="1" errors="0" skipped="0" failures="0">
  <properties>
[...]
</properties>
  <testcase name="contextLoads" classname="com.hotel.HotelBackendApplicationTests" time="1.643">
    <system-out><![CDATA[15:04:33.145 [main] INFO org.springframework.test.context.support.AnnotationConfigContextLoaderUtils -- Could not detect default configuration classes for test class [com.hotel.HotelBackendApplicationTests]: HotelBackendApplicationTests does not declare any static, non-private, non-final, nested classes annotated with @Configuration.
15:04:33.357 [main] INFO org.springframework.boot.test.context.SpringBootTestContextBootstrapper -- Found @SpringBootConfiguration com.hotel.HotelBackendApplication for test class com.hotel.HotelBackendApplicationTests
15:04:33.686 [main] INFO org.springframework.boot.devtools.restart.RestartApplicationListener -- Restart disabled due to context in which it is running

  .   ____          _            __ _ _
 /\\ / ___'_ __ _ _(_)_ __  __ _ \ \ \ \
( ( )\___ | '_ | '_| | '_ \/ _` | \ \ \ \
 \\/  ___)| |_)| | | | | || (_| |  ) ) ) )
  '  |____| .__|_| |_|_| |_\__, | / / / /
 =========|_|==============|___/=/_/_/_/

 :: Spring Boot ::                (v3.3.4)

2024-11-29T15:04:34.378-05:00  INFO 15672 --- [HotelBackend] [           main] com.hotel.HotelBackendApplicationTests   : Starting HotelBackendApplicationTests using Java 23.0.1 with PID 15672 (started by carlo in D:\Documentos de estudio\6TO SEMESTRE\Desarrollo de Aplicaciones Empresariales\ProyectoHotel\Backend)
2024-11-29T15:04:34.381-05:00  INFO 15672 --- [HotelBackend] [           main] com.hotel.HotelBackendApplicationTests   : No active profile set, falling back to 1 default profile: "default"
2024-11-29T15:04:35.988-05:00  INFO 15672 --- [HotelBackend] [           main] .s.d.r.c.RepositoryConfigurationDelegate : Bootstrapping Spring Data MongoDB repositories in DEFAULT mode.
2024-11-29T15:04:36.146-05:00  INFO 15672 --- [HotelBackend] [           main] .s.d.r.c.RepositoryConfigurationDelegate : Finished Spring Data repository scanning in 148 ms. Found 7 MongoDB repository interfaces.
2024-11-29T15:04:37.081-05:00  INFO 15672 --- [HotelBackend] [           main] org.mongodb.driver.client                : MongoClient with metadata {"application": {"name": "Cluster0"}, "driver": {"name": "mongo-java-driver|sync|spring-boot", "version": "5.0.1"}, "os": {"type": "Windows", "name": "Windows 11", "architecture": "amd64", "version": "10.0"}, "platform": "Java/Oracle Corporation/23.0.1+11-39"} created with settings MongoClientSettings{readPreference=primary, writeConcern=WriteConcern{w=majority, wTimeout=null ms, journal=null}, retryWrites=true, retryReads=true, readConcern=ReadConcern{level=null}, credential=MongoCredential{mechanism=null, userName='carlosalonsotrianas', source='admin', password=<hidden>, mechanismProperties=<hidden>}, transportSettings=null, commandListeners=[], codecRegistry=ProvidersCodecRegistry{codecProviders=[ValueCodecProvider{}, BsonValueCodecProvider{}, DBRefCodecProvider{}, DBObjectCodecProvider{}, DocumentCodecProvider{}, CollectionCodecProvider{}, IterableCodecProvider{}, MapCodecProvider{}, GeoJsonCodecProvider{}, GridFSFileCodecProvider{}, Jsr310CodecProvider{}, JsonObjectCodecProvider{}, BsonCodecProvider{}, EnumCodecProvider{}, com.mongodb.client.model.mql.ExpressionCodecProvider@580fd26b, com.mongodb.Jep395RecordCodecProvider@78fe204a, com.mongodb.KotlinCodecProvider@1290ed28]}, loggerSettings=LoggerSettings{maxDocumentLength=1000}, clusterSettings={hosts=[127.0.0.1:27017], srvHost=cluster0.ceiss.mongodb.net, srvServiceName=mongodb, mode=MULTIPLE, requiredClusterType=REPLICA_SET, requiredReplicaSetName='atlas-uo7sf4-shard-0', serverSelector='null', clusterListeners='[]', serverSelectionTimeout='30000 ms', localThreshold='15 ms'}, socketSettings=SocketSettings{connectTimeoutMS=10000, readTimeoutMS=0, receiveBufferSize=0, proxySettings=ProxySettings{host=null, port=null, username=null, password=null}}, heartbeatSocketSettings=SocketSettings{connectTimeoutMS=10000, readTimeoutMS=10000, receiveBufferSize=0, proxySettings=ProxySettings{host=null, port=null, username=null, password=null}}, connectionPoolSettings=ConnectionPoolSettings{maxSize=100, minSize=0, maxWaitTimeMS=120000, maxConnectionLifeTimeMS=0, maxConnectionIdleTimeMS=0, maintenanceInitialDelayMS=0, maintenanceFrequencyMS=60000, connectionPoolListeners=[], maxConnecting=2}, serverSettings=ServerSettings{heartbeatFrequencyMS=10000, minHeartbeatFrequencyMS=500, serverListeners='[]', serverMonitorListeners='[]'}, sslSettings=SslSettings{enabled=true, invalidHostNameAllowed=false, context=null}, applicationName='Cluster0', compressorList=[], uuidRepresentation=JAVA_LEGACY, serverApi=null, autoEncryptionSettings=null, dnsClient=null, inetAddressResolver=null, contextProvider=null}
2024-11-29T15:04:37.821-05:00  INFO 15672 --- [HotelBackend] [iss.mongodb.net] org.mongodb.driver.cluster               : Adding discovered server cluster0-shard-00-01.ceiss.mongodb.net:27017 to client view of cluster
2024-11-29T15:04:37.887-05:00  INFO 15672 --- [HotelBackend] [iss.mongodb.net] org.mongodb.driver.cluster               : Adding discovered server cluster0-shard-00-00.ceiss.mongodb.net:27017 to client view of cluster
2024-11-29T15:04:37.899-05:00  INFO 15672 --- [HotelBackend] [iss.mongodb.net] org.mongodb.driver.cluster               : Adding discovered server cluster0-shard-00-02.ceiss.mongodb.net:27017 to client view of cluster
2024-11-29T15:04:39.406-05:00  INFO 15672 --- [HotelBackend] [ngodb.net:27017] org.mongodb.driver.cluster               : Monitor thread successfully connected to server with description ServerDescription{address=cluster0-shard-00-02.ceiss.mongodb.net:27017, type=REPLICA_SET_PRIMARY, state=CONNECTED, ok=true, minWireVersion=0, maxWireVersion=25, maxDocumentSize=16777216, logicalSessionTimeoutMinutes=30, roundTripTimeNanos=912576200, setName='atlas-uo7sf4-shard-0', canonicalAddress=cluster0-shard-00-02.ceiss.mongodb.net:27017, hosts=[cluster0-shard-00-02.ceiss.mongodb.net:27017, cluster0-shard-00-01.ceiss.mongodb.net:27017, cluster0-shard-00-00.ceiss.mongodb.net:27017], passives=[], arbiters=[], primary='cluster0-shard-00-02.ceiss.mongodb.net:27017', tagSet=TagSet{[Tag{name='availabilityZone', value='use1-az1'}, Tag{name='diskState', value='READY'}, Tag{name='nodeType', value='ELECTABLE'}, Tag{name='provider', value='AWS'}, Tag{name='region', value='US_EAST_1'}, Tag{name='workloadType', value='OPERATIONAL'}]}, electionId=7fffffff00000000000001d5, setVersion=297, topologyVersion=TopologyVersion{processId=6744c2aba0e95c1567f3b44a, counter=6}, lastWriteDate=Fri Nov 29 15:04:40 GMT-05:00 2024, lastUpdateTimeNanos=102945426526700}
2024-11-29T15:04:39.406-05:00  INFO 15672 --- [HotelBackend] [ngodb.net:27017] org.mongodb.driver.cluster               : Monitor thread successfully connected to server with description ServerDescription{address=cluster0-shard-00-00.ceiss.mongodb.net:27017, type=REPLICA_SET_SECONDARY, state=CONNECTED, ok=true, minWireVersion=0, maxWireVersion=25, maxDocumentSize=16777216, logicalSessionTimeoutMinutes=30, roundTripTimeNanos=911466700, setName='atlas-uo7sf4-shard-0', canonicalAddress=cluster0-shard-00-00.ceiss.mongodb.net:27017, hosts=[cluster0-shard-00-02.ceiss.mongodb.net:27017, cluster0-shard-00-01.ceiss.mongodb.net:27017, cluster0-shard-00-00.ceiss.mongodb.net:27017], passives=[], arbiters=[], primary='cluster0-shard-00-02.ceiss.mongodb.net:27017', tagSet=TagSet{[Tag{name='availabilityZone', value='use1-az4'}, Tag{name='diskState', value='READY'}, Tag{name='nodeType', value='ELECTABLE'}, Tag{name='provider', value='AWS'}, Tag{name='region', value='US_EAST_1'}, Tag{name='workloadType', value='OPERATIONAL'}]}, electionId=null, setVersion=297, topologyVersion=TopologyVersion{processId=6744bf200945171eeb008302, counter=4}, lastWriteDate=Fri Nov 29 15:04:40 GMT-05:00 2024, lastUpdateTimeNanos=102945425885400}
2024-11-29T15:04:39.406-05:00  INFO 15672 --- [HotelBackend] [ngodb.net:27017] org.mongodb.driver.cluster               : Monitor thread successfully connected to server with description ServerDescription{address=cluster0-shard-00-01.ceiss.mongodb.net:27017, type=REPLICA_SET_SECONDARY, state=CONNECTED, ok=true, minWireVersion=0, maxWireVersion=25, maxDocumentSize=16777216, logicalSessionTimeoutMinutes=30, roundTripTimeNanos=911435800, setName='atlas-uo7sf4-shard-0', canonicalAddress=cluster0-shard-00-01.ceiss.mongodb.net:27017, hosts=[cluster0-shard-00-02.ceiss.mongodb.net:27017, cluster0-shard-00-01.ceiss.mongodb.net:27017, cluster0-shard-00-00.ceiss.mongodb.net:27017], passives=[], arbiters=[], primary='cluster0-shard-00-02.ceiss.mongodb.net:27017', tagSet=TagSet{[Tag{name='availabilityZone', value='use1-az6'}, Tag{name='diskState', value='READY'}, Tag{name='nodeType', value='ELECTABLE'}, Tag{name='provider', value='AWS'}, Tag{name='region', value='US_EAST_1'}, Tag{name='workloadType', value='OPERATIONAL'}]}, electionId=null, setVersion=297, topologyVersion=TopologyVersion{processId=6744c5e57d2b8571b7abbdc1, counter=3}, lastWriteDate=Fri Nov 29 15:04:40 GMT-05:00 2024, lastUpdateTimeNanos=102945425885200}
2024-11-29T15:04:39.417-05:00  INFO 15672 --- [HotelBackend] [ngodb.net:27017] org.mongodb.driver.cluster               : Discovered replica set primary cluster0-shard-00-02.ceiss.mongodb.net:27017 with max election id 7fffffff00000000000001d5 and max set version 297
2024-11-29T15:04:39.520-05:00  INFO 15672 --- [HotelBackend] [           main] com.hotel.HotelBackendApplicationTests   : Started HotelBackendApplicationTests in 5.868 seconds (process running for 7.89)
]]></system-out>
    <system-err><![CDATA[WARNING: A Java agent has been loaded dynamically (C:\Users\carlo\.m2\repository\net\bytebuddy\byte-buddy-agent\1.14.19\byte-buddy-agent-1.14.19.jar)
WARNING: If a serviceability tool is in use, please run with -XX:+EnableDynamicAgentLoading to hide this warning
WARNING: If a serviceability tool is not in use, please run with -Djdk.instrument.traceUsage for more information
WARNING: Dynamic loading of agents will be disallowed by default in a future release
]]></system-err>
  </testcase>
</testsuite>